<?xml version="1.0" encoding="UTF-8"?>
<!-- Generated by org.testng.reporters.JUnitReportReporter -->
<testsuite hostname="DESKTOP-2JAO2Q5" name="com.training.sanity.tests.UFM_003MyAccountForgotPwd" tests="1" failures="0" timestamp="9 May 2020 17:17:44 GMT" time="43.196" errors="0">
  <testcase name="myAccounForgotPassword" time="43.196" classname="com.training.sanity.tests.UFM_003MyAccountForgotPwd"/>
</testsuite> <!-- com.training.sanity.tests.UFM_003MyAccountForgotPwd -->
