<?xml version="1.0" encoding="UTF-8"?>
<!-- Generated by org.testng.reporters.JUnitReportReporter -->
<testsuite hostname="DESKTOP-2JAO2Q5" name="com.training.sanity.tests.UFM_002MyAccountLogin" tests="2" failures="0" timestamp="7 May 2020 06:06:39 GMT" time="24.244" errors="0">
  <testcase name="myAccounForgotPasswordTest" time="12.323" classname="com.training.sanity.tests.UFM_002MyAccountLogin"/>
  <testcase name="myAccountLoginTest" time="11.921" classname="com.training.sanity.tests.UFM_002MyAccountLogin"/>
</testsuite> <!-- com.training.sanity.tests.UFM_002MyAccountLogin -->
