<?xml version="1.0" encoding="UTF-8"?>
<!-- Generated by org.testng.reporters.JUnitReportReporter -->
<testsuite hostname="DESKTOP-2JAO2Q5" name="com.training.sanity.tests.UFM_001MyAccountRegistration" tests="1" failures="0" timestamp="12 May 2020 05:02:17 GMT" time="27.651" errors="0">
  <testcase name="myAccounRegistration" time="27.651" classname="com.training.sanity.tests.UFM_001MyAccountRegistration"/>
</testsuite> <!-- com.training.sanity.tests.UFM_001MyAccountRegistration -->
