<?xml version="1.0" encoding="UTF-8"?>
<!-- Generated by org.testng.reporters.JUnitReportReporter -->
<testsuite hostname="DESKTOP-2JAO2Q5" name="com.training.sanity.tests.UNF_033CheckOutPlaceOrder" tests="1" failures="0" timestamp="16 May 2020 08:53:22 GMT" time="39.391" errors="0">
  <testcase name="uniformShoptest" time="39.391" classname="com.training.sanity.tests.UNF_033CheckOutPlaceOrder"/>
</testsuite> <!-- com.training.sanity.tests.UNF_033CheckOutPlaceOrder -->
