<?xml version="1.0" encoding="UTF-8"?>
<!-- Generated by org.testng.reporters.JUnitReportReporter -->
<testsuite hostname="DESKTOP-2JAO2Q5" name="com.training.sanity.tests.UNF_032CheckOutWOLogin" tests="1" failures="0" timestamp="15 May 2020 06:45:16 GMT" time="29.425" errors="0">
  <testcase name="uniformShoptest" time="29.425" classname="com.training.sanity.tests.UNF_032CheckOutWOLogin"/>
</testsuite> <!-- com.training.sanity.tests.UNF_032CheckOutWOLogin -->
